<?xml version="1.0" encoding="UTF-8"?>
<testsuite xmlns:xsi="http://www.w3.org/2001/XMLSchema-instance" xsi:noNamespaceSchemaLocation="https://maven.apache.org/surefire/maven-surefire-plugin/xsd/surefire-test-report-3.0.xsd" version="3.0" name="TestSuite" time="59.734" tests="7" errors="0" skipped="0" failures="0">
  <properties>
    <property name="java.specification.version" value="16"/>
    <property name="webdriver.chrome.driver" value="/Users/hg792k/.cache/selenium/chromedriver/mac64/92.0.4515.107/chromedriver"/>
    <property name="sun.jnu.encoding" value="UTF-8"/>
    <property name="java.class.path" value="/Users/hg792k/Documents/my-codebase/org.gemini.com-main/target/test-classes:/Users/hg792k/Documents/my-codebase/org.gemini.com-main/target/classes:/Users/hg792k/.m2/repository/org/seleniumhq/selenium/selenium-java/3.141.59/selenium-java-3.141.59.jar:/Users/hg792k/.m2/repository/org/seleniumhq/selenium/selenium-api/3.141.59/selenium-api-3.141.59.jar:/Users/hg792k/.m2/repository/org/seleniumhq/selenium/selenium-chrome-driver/3.141.59/selenium-chrome-driver-3.141.59.jar:/Users/hg792k/.m2/repository/org/seleniumhq/selenium/selenium-edge-driver/3.141.59/selenium-edge-driver-3.141.59.jar:/Users/hg792k/.m2/repository/org/seleniumhq/selenium/selenium-firefox-driver/3.141.59/selenium-firefox-driver-3.141.59.jar:/Users/hg792k/.m2/repository/org/seleniumhq/selenium/selenium-ie-driver/3.141.59/selenium-ie-driver-3.141.59.jar:/Users/hg792k/.m2/repository/org/seleniumhq/selenium/selenium-opera-driver/3.141.59/selenium-opera-driver-3.141.59.jar:/Users/hg792k/.m2/repository/org/seleniumhq/selenium/selenium-remote-driver/3.141.59/selenium-remote-driver-3.141.59.jar:/Users/hg792k/.m2/repository/org/seleniumhq/selenium/selenium-safari-driver/3.141.59/selenium-safari-driver-3.141.59.jar:/Users/hg792k/.m2/repository/org/seleniumhq/selenium/selenium-support/3.141.59/selenium-support-3.141.59.jar:/Users/hg792k/.m2/repository/net/bytebuddy/byte-buddy/1.8.15/byte-buddy-1.8.15.jar:/Users/hg792k/.m2/repository/org/apache/commons/commons-exec/1.3/commons-exec-1.3.jar:/Users/hg792k/.m2/repository/com/google/guava/guava/25.0-jre/guava-25.0-jre.jar:/Users/hg792k/.m2/repository/com/google/code/findbugs/jsr305/1.3.9/jsr305-1.3.9.jar:/Users/hg792k/.m2/repository/org/checkerframework/checker-compat-qual/2.0.0/checker-compat-qual-2.0.0.jar:/Users/hg792k/.m2/repository/com/google/errorprone/error_prone_annotations/2.1.3/error_prone_annotations-2.1.3.jar:/Users/hg792k/.m2/repository/com/google/j2objc/j2objc-annotations/1.1/j2objc-annotations-1.1.jar:/Users/hg792k/.m2/repository/org/codehaus/mojo/animal-sniffer-annotations/1.14/animal-sniffer-annotations-1.14.jar:/Users/hg792k/.m2/repository/com/squareup/okhttp3/okhttp/3.11.0/okhttp-3.11.0.jar:/Users/hg792k/.m2/repository/com/squareup/okio/okio/1.14.0/okio-1.14.0.jar:/Users/hg792k/.m2/repository/org/testng/testng/7.4.0/testng-7.4.0.jar:/Users/hg792k/.m2/repository/com/beust/jcommander/1.78/jcommander-1.78.jar:/Users/hg792k/.m2/repository/org/webjars/jquery/3.5.1/jquery-3.5.1.jar:/Users/hg792k/.m2/repository/io/github/bonigarcia/webdrivermanager/4.4.3/webdrivermanager-4.4.3.jar:/Users/hg792k/.m2/repository/org/slf4j/slf4j-api/1.7.30/slf4j-api-1.7.30.jar:/Users/hg792k/.m2/repository/commons-io/commons-io/2.8.0/commons-io-2.8.0.jar:/Users/hg792k/.m2/repository/com/google/code/gson/gson/2.8.6/gson-2.8.6.jar:/Users/hg792k/.m2/repository/org/apache/commons/commons-lang3/3.12.0/commons-lang3-3.12.0.jar:/Users/hg792k/.m2/repository/org/apache/httpcomponents/client5/httpclient5/5.0.3/httpclient5-5.0.3.jar:/Users/hg792k/.m2/repository/org/apache/httpcomponents/core5/httpcore5/5.0.2/httpcore5-5.0.2.jar:/Users/hg792k/.m2/repository/org/apache/httpcomponents/core5/httpcore5-h2/5.0.2/httpcore5-h2-5.0.2.jar:/Users/hg792k/.m2/repository/commons-codec/commons-codec/1.13/commons-codec-1.13.jar:/Users/hg792k/.m2/repository/org/rauschig/jarchivelib/1.1.0/jarchivelib-1.1.0.jar:/Users/hg792k/.m2/repository/org/apache/commons/commons-compress/1.20/commons-compress-1.20.jar:/Users/hg792k/.m2/repository/org/jsoup/jsoup/1.13.1/jsoup-1.13.1.jar:/Users/hg792k/.m2/repository/com/googlecode/json-simple/json-simple/1.1.1/json-simple-1.1.1.jar:/Users/hg792k/.m2/repository/junit/junit/4.10/junit-4.10.jar:/Users/hg792k/.m2/repository/org/hamcrest/hamcrest-core/1.1/hamcrest-core-1.1.jar:"/>
    <property name="java.vm.vendor" value="Oracle Corporation"/>
    <property name="sun.arch.data.model" value="64"/>
    <property name="java.vendor.url" value="https://java.oracle.com/"/>
    <property name="user.timezone" value="America/Los_Angeles"/>
    <property name="os.name" value="Mac OS X"/>
    <property name="java.vm.specification.version" value="16"/>
    <property name="sun.java.launcher" value="SUN_STANDARD"/>
    <property name="user.country" value="US"/>
    <property name="sun.boot.library.path" value="/Library/Java/JavaVirtualMachines/jdk-16.0.1.jdk/Contents/Home/lib"/>
    <property name="sun.java.command" value="/Users/hg792k/Documents/my-codebase/org.gemini.com-main/target/surefire/surefirebooter17371662100377882152.jar /Users/hg792k/Documents/my-codebase/org.gemini.com-main/target/surefire 2021-08-17T11-30-57_399-jvmRun1 surefire12813398224203895790tmp surefire_014355407618839589377tmp"/>
    <property name="jdk.debug" value="release"/>
    <property name="surefire.test.class.path" value="/Users/hg792k/Documents/my-codebase/org.gemini.com-main/target/test-classes:/Users/hg792k/Documents/my-codebase/org.gemini.com-main/target/classes:/Users/hg792k/.m2/repository/org/seleniumhq/selenium/selenium-java/3.141.59/selenium-java-3.141.59.jar:/Users/hg792k/.m2/repository/org/seleniumhq/selenium/selenium-api/3.141.59/selenium-api-3.141.59.jar:/Users/hg792k/.m2/repository/org/seleniumhq/selenium/selenium-chrome-driver/3.141.59/selenium-chrome-driver-3.141.59.jar:/Users/hg792k/.m2/repository/org/seleniumhq/selenium/selenium-edge-driver/3.141.59/selenium-edge-driver-3.141.59.jar:/Users/hg792k/.m2/repository/org/seleniumhq/selenium/selenium-firefox-driver/3.141.59/selenium-firefox-driver-3.141.59.jar:/Users/hg792k/.m2/repository/org/seleniumhq/selenium/selenium-ie-driver/3.141.59/selenium-ie-driver-3.141.59.jar:/Users/hg792k/.m2/repository/org/seleniumhq/selenium/selenium-opera-driver/3.141.59/selenium-opera-driver-3.141.59.jar:/Users/hg792k/.m2/repository/org/seleniumhq/selenium/selenium-remote-driver/3.141.59/selenium-remote-driver-3.141.59.jar:/Users/hg792k/.m2/repository/org/seleniumhq/selenium/selenium-safari-driver/3.141.59/selenium-safari-driver-3.141.59.jar:/Users/hg792k/.m2/repository/org/seleniumhq/selenium/selenium-support/3.141.59/selenium-support-3.141.59.jar:/Users/hg792k/.m2/repository/net/bytebuddy/byte-buddy/1.8.15/byte-buddy-1.8.15.jar:/Users/hg792k/.m2/repository/org/apache/commons/commons-exec/1.3/commons-exec-1.3.jar:/Users/hg792k/.m2/repository/com/google/guava/guava/25.0-jre/guava-25.0-jre.jar:/Users/hg792k/.m2/repository/com/google/code/findbugs/jsr305/1.3.9/jsr305-1.3.9.jar:/Users/hg792k/.m2/repository/org/checkerframework/checker-compat-qual/2.0.0/checker-compat-qual-2.0.0.jar:/Users/hg792k/.m2/repository/com/google/errorprone/error_prone_annotations/2.1.3/error_prone_annotations-2.1.3.jar:/Users/hg792k/.m2/repository/com/google/j2objc/j2objc-annotations/1.1/j2objc-annotations-1.1.jar:/Users/hg792k/.m2/repository/org/codehaus/mojo/animal-sniffer-annotations/1.14/animal-sniffer-annotations-1.14.jar:/Users/hg792k/.m2/repository/com/squareup/okhttp3/okhttp/3.11.0/okhttp-3.11.0.jar:/Users/hg792k/.m2/repository/com/squareup/okio/okio/1.14.0/okio-1.14.0.jar:/Users/hg792k/.m2/repository/org/testng/testng/7.4.0/testng-7.4.0.jar:/Users/hg792k/.m2/repository/com/beust/jcommander/1.78/jcommander-1.78.jar:/Users/hg792k/.m2/repository/org/webjars/jquery/3.5.1/jquery-3.5.1.jar:/Users/hg792k/.m2/repository/io/github/bonigarcia/webdrivermanager/4.4.3/webdrivermanager-4.4.3.jar:/Users/hg792k/.m2/repository/org/slf4j/slf4j-api/1.7.30/slf4j-api-1.7.30.jar:/Users/hg792k/.m2/repository/commons-io/commons-io/2.8.0/commons-io-2.8.0.jar:/Users/hg792k/.m2/repository/com/google/code/gson/gson/2.8.6/gson-2.8.6.jar:/Users/hg792k/.m2/repository/org/apache/commons/commons-lang3/3.12.0/commons-lang3-3.12.0.jar:/Users/hg792k/.m2/repository/org/apache/httpcomponents/client5/httpclient5/5.0.3/httpclient5-5.0.3.jar:/Users/hg792k/.m2/repository/org/apache/httpcomponents/core5/httpcore5/5.0.2/httpcore5-5.0.2.jar:/Users/hg792k/.m2/repository/org/apache/httpcomponents/core5/httpcore5-h2/5.0.2/httpcore5-h2-5.0.2.jar:/Users/hg792k/.m2/repository/commons-codec/commons-codec/1.13/commons-codec-1.13.jar:/Users/hg792k/.m2/repository/org/rauschig/jarchivelib/1.1.0/jarchivelib-1.1.0.jar:/Users/hg792k/.m2/repository/org/apache/commons/commons-compress/1.20/commons-compress-1.20.jar:/Users/hg792k/.m2/repository/org/jsoup/jsoup/1.13.1/jsoup-1.13.1.jar:/Users/hg792k/.m2/repository/com/googlecode/json-simple/json-simple/1.1.1/json-simple-1.1.1.jar:/Users/hg792k/.m2/repository/junit/junit/4.10/junit-4.10.jar:/Users/hg792k/.m2/repository/org/hamcrest/hamcrest-core/1.1/hamcrest-core-1.1.jar:"/>
    <property name="sun.cpu.endian" value="little"/>
    <property name="user.home" value="/Users/hg792k"/>
    <property name="user.language" value="en"/>
    <property name="java.specification.vendor" value="Oracle Corporation"/>
    <property name="java.version.date" value="2021-04-20"/>
    <property name="java.home" value="/Library/Java/JavaVirtualMachines/jdk-16.0.1.jdk/Contents/Home"/>
    <property name="testng.dtd.http" value="true"/>
    <property name="file.separator" value="/"/>
    <property name="basedir" value="/Users/hg792k/Documents/my-codebase/org.gemini.com-main"/>
    <property name="java.vm.compressedOopsMode" value="Zero based"/>
    <property name="line.separator" value="&#10;"/>
    <property name="java.vm.specification.vendor" value="Oracle Corporation"/>
    <property name="java.specification.name" value="Java Platform API Specification"/>
    <property name="surefire.real.class.path" value="/Users/hg792k/Documents/my-codebase/org.gemini.com-main/target/surefire/surefirebooter17371662100377882152.jar"/>
    <property name="sun.management.compiler" value="HotSpot 64-Bit Tiered Compilers"/>
    <property name="java.runtime.version" value="16.0.1+9-24"/>
    <property name="user.name" value="hg792k"/>
    <property name="path.separator" value=":"/>
    <property name="os.version" value="10.15.7"/>
    <property name="java.runtime.name" value="Java(TM) SE Runtime Environment"/>
    <property name="file.encoding" value="UTF-8"/>
    <property name="java.vm.name" value="Java HotSpot(TM) 64-Bit Server VM"/>
    <property name="localRepository" value="/Users/hg792k/.m2/repository"/>
    <property name="java.vendor.url.bug" value="https://bugreport.java.com/bugreport/"/>
    <property name="java.io.tmpdir" value="/var/folders/v4/lbng0t912y5dbz8nrnyy7qt800gvtl/T/"/>
    <property name="java.version" value="16.0.1"/>
    <property name="user.dir" value="/Users/hg792k/Documents/my-codebase/org.gemini.com-main"/>
    <property name="os.arch" value="x86_64"/>
    <property name="java.vm.specification.name" value="Java Virtual Machine Specification"/>
    <property name="java.library.path" value="/Users/hg792k/Library/Java/Extensions:/Library/Java/Extensions:/Network/Library/Java/Extensions:/System/Library/Java/Extensions:/usr/lib/java:."/>
    <property name="java.vm.info" value="mixed mode, sharing"/>
    <property name="java.vendor" value="Oracle Corporation"/>
    <property name="java.vm.version" value="16.0.1+9-24"/>
    <property name="sun.io.unicode.encoding" value="UnicodeBig"/>
    <property name="java.class.version" value="60.0"/>
  </properties>
  <testcase name="emptyMandatoryFields" classname="tests.LoginTest" time="2.82"/>
  <testcase name="invalidEmailId" classname="tests.LoginTest" time="9.527"/>
  <testcase name="invalidFirstName" classname="tests.LoginTest" time="10.69"/>
  <testcase name="invalidLastName" classname="tests.LoginTest" time="10.961"/>
  <testcase name="invalidMiddleName" classname="tests.LoginTest" time="10.404"/>
  <testcase name="validRegistration" classname="tests.LoginTest" time="4.452"/>
  <testcase name="validateToolTip" classname="tests.LoginTest" time="3.058"/>
</testsuite>