<?xml version="1.0" encoding="UTF-8"?>
<!-- Generated by org.testng.reporters.JUnitReportReporter -->
<testsuite hostname="ALT02547" failures="0" tests="7" name="tests.LoginTest" time="51.911" errors="0" timestamp="2021-08-17T11:31:57 PDT" skipped="0">
  <testcase classname="tests.LoginTest" name="invalidEmailId" time="9.528"/>
  <system-out/>
  <testcase classname="tests.LoginTest" name="validateToolTip" time="3.058"/>
  <system-out/>
  <testcase classname="tests.LoginTest" name="invalidMiddleName" time="10.404"/>
  <system-out/>
  <testcase classname="tests.LoginTest" name="validRegistration" time="4.453"/>
  <system-out/>
  <testcase classname="tests.LoginTest" name="invalidFirstName" time="10.690"/>
  <system-out/>
  <testcase classname="tests.LoginTest" name="emptyMandatoryFields" time="2.817"/>
  <system-out/>
  <testcase classname="tests.LoginTest" name="invalidLastName" time="10.961"/>
  <system-out/>
</testsuite> <!-- tests.LoginTest -->
